20:09:49.724 [main] INFO  testCases.TC01_ForgotPassword - ***Starting Test01***
20:09:49.732 [main] DEBUG testCases.TC01_ForgotPassword - application logs started......
20:09:52.774 [main] INFO  testCases.TC01_ForgotPassword - TC_01_Tested-ok
20:09:52.774 [main] DEBUG testCases.TC01_ForgotPassword - application logs end.......
20:09:52.783 [main] INFO  testCases.TC01_ForgotPassword - **** Finished Testing_01 *****
20:11:36.582 [main] INFO  testCases.TC01_ForgotPassword - ***Starting Test01***
20:11:36.591 [main] DEBUG testCases.TC01_ForgotPassword - application logs started......
20:11:39.381 [main] INFO  testCases.TC01_ForgotPassword - TC_01_Tested-ok
20:11:39.385 [main] DEBUG testCases.TC01_ForgotPassword - application logs end.......
20:11:39.385 [main] INFO  testCases.TC01_ForgotPassword - **** Finished Testing_01 *****
20:25:56.688 [main] INFO  testCases.TC01_ForgotPassword - ***Starting Test01***
20:25:56.700 [main] DEBUG testCases.TC01_ForgotPassword - application logs started......
20:25:58.962 [main] INFO  testCases.TC01_ForgotPassword - TC_01_Tested-ok
20:25:58.962 [main] DEBUG testCases.TC01_ForgotPassword - application logs end.......
20:25:58.962 [main] INFO  testCases.TC01_ForgotPassword - **** Finished Testing_01 *****
21:10:55.390 [main] INFO  testCases.TC01_ForgotPassword - ***Starting Test01***
21:10:55.406 [main] DEBUG testCases.TC01_ForgotPassword - application logs started......
21:10:57.473 [main] INFO  testCases.TC01_ForgotPassword - TC_01_Tested-ok
21:10:57.474 [main] DEBUG testCases.TC01_ForgotPassword - application logs end.......
21:10:57.474 [main] INFO  testCases.TC01_ForgotPassword - **** Finished Testing_01 *****
21:22:40.079 [main] INFO  testCases.TC01_ForgotPassword - ***Starting Test01***
21:22:40.092 [main] DEBUG testCases.TC01_ForgotPassword - application logs started......
21:22:42.250 [main] INFO  testCases.TC01_ForgotPassword - TC_01_Tested-ok
21:22:42.250 [main] DEBUG testCases.TC01_ForgotPassword - application logs end.......
21:22:42.251 [main] INFO  testCases.TC01_ForgotPassword - **** Finished Testing_01 *****
21:29:55.565 [main] INFO  testCases.TC01_ForgotPassword - ***Starting Test01***
21:29:55.714 [main] DEBUG testCases.TC01_ForgotPassword - application logs started......
21:29:57.911 [main] INFO  testCases.TC01_ForgotPassword - TC_01_Tested-ok
21:29:57.911 [main] DEBUG testCases.TC01_ForgotPassword - application logs end.......
21:29:57.911 [main] INFO  testCases.TC01_ForgotPassword - **** Finished Testing_01 *****
